<?xml version="1.0" encoding="UTF-8"?>
<!-- Generated by org.testng.reporters.JUnitReportReporter -->
<testsuite hostname="Prateek" failures="0" tests="9" name="parallelScripts.SampleOneTest" time="0.055" errors="0" timestamp="2023-05-10T15:02:53 IST" skipped="0">
  <testcase classname="parallelScripts.SampleOneTest" name="testFour" time="0.014"/>
  <system-out/>
  <testcase classname="parallelScripts.SampleOneTest" name="testTwo" time="0.001"/>
  <system-out/>
  <testcase classname="parallelScripts.SampleOneTest" name="testFour" time="0.003"/>
  <system-out/>
  <testcase classname="parallelScripts.SampleOneTest" name="testFour" time="0.004"/>
  <system-out/>
  <testcase classname="parallelScripts.SampleOneTest" name="testFour" time="0.001"/>
  <system-out/>
  <testcase classname="parallelScripts.SampleOneTest" name="testThree" time="0.001"/>
  <system-out/>
  <testcase classname="parallelScripts.SampleOneTest" name="testFour" time="0.014"/>
  <system-out/>
  <testcase classname="parallelScripts.SampleOneTest" name="testOne" time="0.002"/>
  <system-out/>
  <testcase classname="parallelScripts.SampleOneTest" name="testFour" time="0.015"/>
  <system-out/>
</testsuite> <!-- parallelScripts.SampleOneTest -->
