<?xml version="1.0" encoding="UTF-8"?>
<!-- Generated by org.testng.reporters.JUnitReportReporter -->
<testsuite hostname="Prateek" failures="0" tests="1" name="testScripts.RemoteDriverTest" time="16.126" errors="0" timestamp="2023-05-11T17:53:35 IST" skipped="0">
  <testcase classname="testScripts.RemoteDriverTest" name="test" time="16.126"/>
  <system-out/>
</testsuite> <!-- testScripts.RemoteDriverTest -->
