<?xml version="1.0" encoding="UTF-8"?>
<!-- Generated by org.testng.reporters.JUnitReportReporter -->
<testsuite hostname="Prateek" failures="0" tests="4" name="parallelScripts.SampleTwoTest" time="0.005" errors="0" timestamp="2023-05-10T14:55:26 IST" skipped="0">
  <testcase classname="parallelScripts.SampleTwoTest" name="testOne" time="0.001"/>
  <system-out/>
  <testcase classname="parallelScripts.SampleTwoTest" name="testThree" time="0.001"/>
  <system-out/>
  <testcase classname="parallelScripts.SampleTwoTest" name="testTwo" time="0.002"/>
  <system-out/>
  <testcase classname="parallelScripts.SampleTwoTest" name="testFour" time="0.001"/>
  <system-out/>
</testsuite> <!-- parallelScripts.SampleTwoTest -->
