<?xml version="1.0" encoding="UTF-8"?>
<!-- Generated by org.testng.reporters.JUnitReportReporter -->
<testsuite hostname="Prateek" failures="0" tests="4" name="parallelScripts.SampleThreeTest" time="0.014" errors="0" timestamp="2023-05-10T14:55:26 IST" skipped="0">
  <testcase classname="parallelScripts.SampleThreeTest" name="testOne" time="0.001"/>
  <system-out/>
  <testcase classname="parallelScripts.SampleThreeTest" name="testThree" time="0.001"/>
  <system-out/>
  <testcase classname="parallelScripts.SampleThreeTest" name="testTwo" time="0.001"/>
  <system-out/>
  <testcase classname="parallelScripts.SampleThreeTest" name="testFour" time="0.011"/>
  <system-out/>
</testsuite> <!-- parallelScripts.SampleThreeTest -->
